info it worked if it ends with ok
verbose cli [ 'node', '/usr/local/bin/npm', 'install', 'node' ]
info using npm@1.0.30
info using node@v0.4.9
verbose config file /Users/Atta/.npmrc
verbose config file /usr/local/etc/npmrc
silly testEngine { name: 'NodeJsTest',
silly testEngine   version: '1.0.0',
silly testEngine   scripts: { start: 'node index.js' },
silly testEngine   dependencies: {},
silly testEngine   _npmJsonOpts: 
silly testEngine    { file: '/Users/Atta/Desktop/Projects/Web/AttamuscNodeJs/package.json',
silly testEngine      wscript: false,
silly testEngine      contributors: false,
silly testEngine      serverjs: true },
silly testEngine   _id: 'NodeJsTest@1.0.0',
silly testEngine   devDependencies: {},
silly testEngine   engines: { node: '*' },
silly testEngine   _engineSupported: true,
silly testEngine   _npmVersion: '1.0.30',
silly testEngine   _nodeVersion: 'v0.4.9',
silly testEngine   _defaultsLoaded: true }
verbose caching /Users/Atta/Desktop/Projects/Web/AttamuscNodeJs/package.json
verbose loadDefaults NodeJsTest@1.0.0
silly testEngine { name: 'mustache',
silly testEngine   author: { name: 'http://mustache.github.com/' },
silly testEngine   description: '{{ mustache }} in JavaScript — Logic-less templates.',
silly testEngine   keywords: [ 'template' ],
silly testEngine   version: '0.3.1-dev',
silly testEngine   main: './mustache',
silly testEngine   _npmJsonOpts: 
silly testEngine    { file: '/Users/Atta/Desktop/Projects/Web/AttamuscNodeJs/node_modules/mustache/package.json',
silly testEngine      wscript: false,
silly testEngine      contributors: false,
silly testEngine      serverjs: false },
silly testEngine   _id: 'mustache@0.3.1-dev',
silly testEngine   dependencies: {},
silly testEngine   devDependencies: {},
silly testEngine   engines: { node: '*' },
silly testEngine   _engineSupported: true,
silly testEngine   _npmVersion: '1.0.30',
silly testEngine   _nodeVersion: 'v0.4.9',
silly testEngine   _defaultsLoaded: true }
verbose caching /Users/Atta/Desktop/Projects/Web/AttamuscNodeJs/node_modules/mustache/package.json
verbose loadDefaults mustache@0.3.1-dev
verbose from cache /Users/Atta/Desktop/Projects/Web/AttamuscNodeJs/package.json
verbose into /Users/Atta/Desktop/Projects/Web/AttamuscNodeJs [ 'node' ]
verbose cache add node
verbose cache add [ 'node', null ]
silly cache add: name, spec, args [ undefined, 'node', [ 'node', null ] ]
verbose parsed url { pathname: 'node', href: 'node' }
info addNamed [ 'node', '' ]
verbose addNamed [ null, '' ]
verbose GET node
verbose raw, before any munging node
verbose url resolving [ 'https://registry.npmjs.org/', './node' ]
verbose url resolved https://registry.npmjs.org/node
silly get cb [ 404,
silly get cb   { server: 'CouchDB/1.1.0 (Erlang OTP/R14B03)',
silly get cb     date: 'Wed, 21 Sep 2011 07:27:35 GMT',
silly get cb     'content-type': 'text/plain;charset=utf-8',
silly get cb     'content-length': '52',
silly get cb     'cache-control': 'must-revalidate' } ]
ERR! 404 'node' is not in the npm registry.
ERR! 404 You should bug the author to publish it.
ERR! 404 Note that you can also install from a tarball or folder.
ERR! 
ERR! System Darwin 11.1.0
ERR! command "node" "/usr/local/bin/npm" "install" "node"
ERR! cwd /Users/Atta/Desktop/Projects/Web/AttamuscNodeJs
ERR! node -v v0.4.9
ERR! npm -v 1.0.30
verbose exit [ 1, true ]
